computerMaintenance/build/outputs/logs/manifest-merger-debug-report.txt
-- Merging decision tree log ---
manifest
ADDED from AndroidManifest.xml:2:1
	xmlns:android
		ADDED from AndroidManifest.xml:2:11
	package
		ADDED from AndroidManifest.xml:3:5
		INJECTED from AndroidManifest.xml:0:0
		INJECTED from AndroidManifest.xml:0:0
	android:versionName
		ADDED from AndroidManifest.xml:5:5
	android:versionCode
		ADDED from AndroidManifest.xml:4:5
		INJECTED from AndroidManifest.xml:0:0
		INJECTED from AndroidManifest.xml:0:0
uses-sdk
ADDED from AndroidManifest.xml:7:5
MERGED from ComputerMaintenance:kSYMediaPlayer:unspecified:5:5
MERGED from ComputerMaintenance:kSYMediaWidget:unspecified:5:5
MERGED from ComputerMaintenance:kSYMediaPlayer:unspecified:5:5
	android:targetSdkVersion
		ADDED from AndroidManifest.xml:9:9
		INJECTED from AndroidManifest.xml:0:0
		INJECTED from AndroidManifest.xml:0:0
	android:minSdkVersion
		ADDED from AndroidManifest.xml:8:9
		INJECTED from AndroidManifest.xml:0:0
		INJECTED from AndroidManifest.xml:0:0
supports-screens
ADDED from AndroidManifest.xml:11:5
	android:resizeable
		ADDED from AndroidManifest.xml:15:9
	android:largeScreens
		ADDED from AndroidManifest.xml:13:9
	android:anyDensity
		ADDED from AndroidManifest.xml:12:9
	android:normalScreens
		ADDED from AndroidManifest.xml:14:9
	android:smallScreens
		ADDED from AndroidManifest.xml:16:9
application
ADDED from AndroidManifest.xml:18:5
	android:label
		ADDED from AndroidManifest.xml:23:9
	android:allowBackup
		ADDED from AndroidManifest.xml:20:9
	android:icon
		ADDED from AndroidManifest.xml:22:9
	android:theme
		ADDED from AndroidManifest.xml:24:9
	android:hardwareAccelerated
		ADDED from AndroidManifest.xml:21:9
	android:name
		ADDED from AndroidManifest.xml:19:9
activity#com.computerdmaintenance.ui.activity.SplashActivity
ADDED from AndroidManifest.xml:25:9
	android:label
		ADDED from AndroidManifest.xml:27:13
	android:theme
		ADDED from AndroidManifest.xml:28:13
	android:name
		ADDED from AndroidManifest.xml:26:13
intent-filter#android.intent.action.MAIN+android.intent.category.LAUNCHER
ADDED from AndroidManifest.xml:29:13
action#android.intent.action.MAIN
ADDED from AndroidManifest.xml:30:17
	android:name
		ADDED from AndroidManifest.xml:30:25
category#android.intent.category.LAUNCHER
ADDED from AndroidManifest.xml:32:17
	android:name
		ADDED from AndroidManifest.xml:32:27
activity#com.computerdmaintenance.ui.activity.WorkingActivity
ADDED from AndroidManifest.xml:35:9
	android:windowSoftInputMode
		ADDED from AndroidManifest.xml:41:13
	android:screenOrientation
		ADDED from AndroidManifest.xml:39:13
	android:configChanges
		ADDED from AndroidManifest.xml:37:13
	android:theme
		ADDED from AndroidManifest.xml:40:13
	android:name
		ADDED from AndroidManifest.xml:36:13
	android:launchMode
		ADDED from AndroidManifest.xml:38:13
action#android.intent.action.VIEW
ADDED from AndroidManifest.xml:42:13
	android:name
		ADDED from AndroidManifest.xml:42:21
activity#com.tencent.tauth.AuthActivity
ADDED from AndroidManifest.xml:45:9
	android:screenOrientation
		ADDED from AndroidManifest.xml:49:13
	android:noHistory
		ADDED from AndroidManifest.xml:48:13
	android:name
		ADDED from AndroidManifest.xml:46:13
	android:launchMode
		ADDED from AndroidManifest.xml:47:13
intent-filter#android.intent.action.VIEW+android.intent.category.BROWSABLE+android.intent.category.DEFAULT
ADDED from AndroidManifest.xml:50:13
category#android.intent.category.DEFAULT
ADDED from AndroidManifest.xml:53:17
	android:name
		ADDED from AndroidManifest.xml:53:27
category#android.intent.category.BROWSABLE
ADDED from AndroidManifest.xml:54:17
	android:name
		ADDED from AndroidManifest.xml:54:27
data
ADDED from AndroidManifest.xml:56:17
	android:scheme
		ADDED from AndroidManifest.xml:56:23
activity#com.computerdmaintenance.ui.ClassRoomActivity
ADDED from AndroidManifest.xml:74:9
	android:screenOrientation
		ADDED from AndroidManifest.xml:77:13
	android:configChanges
		ADDED from AndroidManifest.xml:76:13
	android:theme
		ADDED from AndroidManifest.xml:78:13
	android:name
		ADDED from AndroidManifest.xml:75:13
intent-filter#android.intent.action.VIEW+android.intent.category.DEFAULT
ADDED from AndroidManifest.xml:79:13
activity#com.tencent.connect.common.AssistActivity
ADDED from AndroidManifest.xml:90:9
	android:configChanges
		ADDED from AndroidManifest.xml:92:13
	android:theme
		ADDED from AndroidManifest.xml:93:13
	android:name
		ADDED from AndroidManifest.xml:91:13
activity#com.zbar.lib.CaptureActivity
ADDED from AndroidManifest.xml:96:9
	android:theme
		ADDED from AndroidManifest.xml:98:13
	android:name
		ADDED from AndroidManifest.xml:97:13
receiver#com.computerdmaintenance.receiver.CMPushReceiver
ADDED from AndroidManifest.xml:105:9
	android:name
		ADDED from AndroidManifest.xml:105:19
intent-filter#com.baidu.android.pushservice.action.MESSAGE+com.baidu.android.pushservice.action.RECEIVE+com.baidu.android.pushservice.action.notification.CLICK
ADDED from AndroidManifest.xml:106:13
action#com.baidu.android.pushservice.action.MESSAGE
ADDED from AndroidManifest.xml:109:17
	android:name
		ADDED from AndroidManifest.xml:109:25
action#com.baidu.android.pushservice.action.RECEIVE
ADDED from AndroidManifest.xml:111:17
	android:name
		ADDED from AndroidManifest.xml:111:25
action#com.baidu.android.pushservice.action.notification.CLICK
ADDED from AndroidManifest.xml:113:17
	android:name
		ADDED from AndroidManifest.xml:113:25
receiver#com.baidu.android.pushservice.PushServiceReceiver
ADDED from AndroidManifest.xml:117:9
	android:process
		ADDED from AndroidManifest.xml:119:13
	android:name
		ADDED from AndroidManifest.xml:118:13
intent-filter#android.intent.action.ACTION_POWER_CONNECTED+android.intent.action.ACTION_POWER_DISCONNECTED+android.intent.action.BOOT_COMPLETED+android.intent.action.MEDIA_MOUNTED+android.intent.action.USER_PRESENT+android.net.conn.CONNECTIVITY_CHANGE+com.baidu.android.pushservice.action.media.CLICK+com.baidu.android.pushservice.action.notification.SHOW
ADDED from AndroidManifest.xml:120:13
action#android.intent.action.BOOT_COMPLETED
ADDED from AndroidManifest.xml:121:17
	android:name
		ADDED from AndroidManifest.xml:121:25
action#android.net.conn.CONNECTIVITY_CHANGE
ADDED from AndroidManifest.xml:122:17
	android:name
		ADDED from AndroidManifest.xml:122:25
action#com.baidu.android.pushservice.action.notification.SHOW
ADDED from AndroidManifest.xml:123:17
	android:name
		ADDED from AndroidManifest.xml:123:25
action#com.baidu.android.pushservice.action.media.CLICK
ADDED from AndroidManifest.xml:124:17
	android:name
		ADDED from AndroidManifest.xml:124:25
action#android.intent.action.MEDIA_MOUNTED
ADDED from AndroidManifest.xml:126:17
	android:name
		ADDED from AndroidManifest.xml:126:25
action#android.intent.action.USER_PRESENT
ADDED from AndroidManifest.xml:127:17
	android:name
		ADDED from AndroidManifest.xml:127:25
action#android.intent.action.ACTION_POWER_CONNECTED
ADDED from AndroidManifest.xml:128:17
	android:name
		ADDED from AndroidManifest.xml:128:25
action#android.intent.action.ACTION_POWER_DISCONNECTED
ADDED from AndroidManifest.xml:129:17
	android:name
		ADDED from AndroidManifest.xml:129:25
receiver#com.baidu.android.pushservice.RegistrationReceiver
ADDED from AndroidManifest.xml:133:9
	android:process
		ADDED from AndroidManifest.xml:135:13
	android:name
		ADDED from AndroidManifest.xml:134:13
intent-filter#com.baidu.android.pushservice.action.BIND_SYNC+com.baidu.android.pushservice.action.METHOD
ADDED from AndroidManifest.xml:136:13
action#com.baidu.android.pushservice.action.METHOD
ADDED from AndroidManifest.xml:137:17
	android:name
		ADDED from AndroidManifest.xml:137:25
action#com.baidu.android.pushservice.action.BIND_SYNC
ADDED from AndroidManifest.xml:138:17
	android:name
		ADDED from AndroidManifest.xml:138:25
intent-filter#android.intent.action.PACKAGE_REMOVED
ADDED from AndroidManifest.xml:140:13
action#android.intent.action.PACKAGE_REMOVED
ADDED from AndroidManifest.xml:141:17
	android:name
		ADDED from AndroidManifest.xml:141:25
service#com.baidu.android.pushservice.PushService
ADDED from AndroidManifest.xml:147:9
	android:process
		ADDED from AndroidManifest.xml:150:13
	android:exported
		ADDED from AndroidManifest.xml:149:13
	android:name
		ADDED from AndroidManifest.xml:148:13
intent-filter#com.baidu.android.pushservice.action.PUSH_SERVICE
ADDED from AndroidManifest.xml:151:13
action#com.baidu.android.pushservice.action.PUSH_SERVICE
ADDED from AndroidManifest.xml:152:17
	android:name
		ADDED from AndroidManifest.xml:152:25
service#com.baidu.android.pushservice.CommandService
ADDED from AndroidManifest.xml:156:9
	android:exported
		ADDED from AndroidManifest.xml:158:13
	android:name
		ADDED from AndroidManifest.xml:157:13
activity#com.baidu.android.pushservice.PushKeepAlive
ADDED from AndroidManifest.xml:163:9
	android:theme
		ADDED from AndroidManifest.xml:166:13
	android:name
		ADDED from AndroidManifest.xml:164:13
	android:launchMode
		ADDED from AndroidManifest.xml:165:13
activity#com.baidu.android.pushservice.richmedia.MediaViewActivity
ADDED from AndroidManifest.xml:168:9
	android:label
		ADDED from AndroidManifest.xml:171:13
	android:configChanges
		ADDED from AndroidManifest.xml:170:13
	android:name
		ADDED from AndroidManifest.xml:169:13
activity#com.baidu.android.pushservice.richmedia.MediaListActivity
ADDED from AndroidManifest.xml:172:9
	android:label
		ADDED from AndroidManifest.xml:175:13
	android:configChanges
		ADDED from AndroidManifest.xml:174:13
	android:name
		ADDED from AndroidManifest.xml:173:13
	android:launchMode
		ADDED from AndroidManifest.xml:176:13
activity#com.computerdmaintenance.ui.activity.CustomActivity
ADDED from AndroidManifest.xml:178:9
	android:configChanges
		ADDED from AndroidManifest.xml:180:13
	android:name
		ADDED from AndroidManifest.xml:179:13
	android:launchMode
		ADDED from AndroidManifest.xml:181:13
uses-permission#android.permission.INTERNET
ADDED from AndroidManifest.xml:185:5
MERGED from ComputerMaintenance:dC_NoHttp:unspecified:8:5
	android:name
		ADDED from AndroidManifest.xml:185:22
uses-permission#android.permission.WAKE_LOCK
ADDED from AndroidManifest.xml:186:5
	android:name
		ADDED from AndroidManifest.xml:186:22
uses-permission#android.permission.WRITE_EXTERNAL_STORAGE
ADDED from AndroidManifest.xml:187:5
MERGED from ComputerMaintenance:dC_NoHttp:unspecified:6:5
	android:name
		ADDED from AndroidManifest.xml:187:22
uses-permission#android.permission.WRITE_SETTINGS
ADDED from AndroidManifest.xml:188:5
	android:name
		ADDED from AndroidManifest.xml:188:22
uses-permission#android.permission.ACCESS_NETWORK_STATE
ADDED from AndroidManifest.xml:190:5
MERGED from ComputerMaintenance:dC_NoHttp:unspecified:9:5
	android:name
		ADDED from AndroidManifest.xml:190:22
uses-permission#android.permission.ACCESS_WIFI_STATE
ADDED from AndroidManifest.xml:193:5
MERGED from ComputerMaintenance:dC_NoHttp:unspecified:13:5
	android:name
		ADDED from AndroidManifest.xml:193:22
uses-permission#android.permission.SYSTEM_ALERT_WINDOW
ADDED from AndroidManifest.xml:194:5
	android:name
		ADDED from AndroidManifest.xml:194:22
uses-permission#android.permission.RESTART_PACKAGES
ADDED from AndroidManifest.xml:197:5
	android:name
		ADDED from AndroidManifest.xml:197:22
uses-permission#android.permission.CHANGE_NETWORK_STATE
ADDED from AndroidManifest.xml:199:5
MERGED from ComputerMaintenance:dC_NoHttp:unspecified:10:5
	android:name
		ADDED from AndroidManifest.xml:199:22
uses-permission#android.permission.READ_PHONE_STATE
ADDED from AndroidManifest.xml:200:5
	android:name
		ADDED from AndroidManifest.xml:200:22
uses-permission#android.webkit.permission.PLUGIN
ADDED from AndroidManifest.xml:201:5
	android:name
		ADDED from AndroidManifest.xml:201:22
uses-permission#android.permission.CAMERA
ADDED from AndroidManifest.xml:202:5
	android:name
		ADDED from AndroidManifest.xml:202:22
uses-permission#android.permission.READ_CONTACTS
ADDED from AndroidManifest.xml:203:5
	android:name
		ADDED from AndroidManifest.xml:203:22
uses-permission#android.permission.WRITE_CONTACTS
ADDED from AndroidManifest.xml:204:5
	android:name
		ADDED from AndroidManifest.xml:204:22
uses-permission#com.android.browser.permission.READ_HISTORY_BOOKMARKS
ADDED from AndroidManifest.xml:205:5
	android:name
		ADDED from AndroidManifest.xml:205:22
uses-permission#android.permission.VIBRATE
ADDED from AndroidManifest.xml:206:5
	android:name
		ADDED from AndroidManifest.xml:206:22
uses-permission#android.permission.FLASHLIGHT
ADDED from AndroidManifest.xml:207:5
	android:name
		ADDED from AndroidManifest.xml:207:22
uses-permission#android.permission.CHANGE_WIFI_STATE
ADDED from AndroidManifest.xml:210:5
MERGED from ComputerMaintenance:dC_NoHttp:unspecified:11:5
	android:name
		ADDED from AndroidManifest.xml:210:22
uses-permission#android.permission.RECEIVE_BOOT_COMPLETED
ADDED from AndroidManifest.xml:213:5
	android:name
		ADDED from AndroidManifest.xml:213:22
uses-permission#android.permission.ACCESS_COARSE_LOCATION
ADDED from AndroidManifest.xml:214:5
	android:name
		ADDED from AndroidManifest.xml:214:22
uses-permission#android.permission.ACCESS_FINE_LOCATION
ADDED from AndroidManifest.xml:215:5
	android:name
		ADDED from AndroidManifest.xml:215:22
uses-permission#android.permission.READ_LOGS
ADDED from AndroidManifest.xml:216:5
	android:name
		ADDED from AndroidManifest.xml:216:22
uses-permission#android.permission.CALL_PHONE
ADDED from AndroidManifest.xml:217:5
	android:name
		ADDED from AndroidManifest.xml:217:22
uses-permission#android.permission.READ_SMS
ADDED from AndroidManifest.xml:218:5
	android:name
		ADDED from AndroidManifest.xml:218:22
uses-permission#com.android.launcher.permission.INSTALL_SHORTCUT
ADDED from AndroidManifest.xml:219:5
	android:name
		ADDED from AndroidManifest.xml:219:22
uses-permission#com.android.launcher.permission.READ_SETTINGS
ADDED from AndroidManifest.xml:220:5
	android:name
		ADDED from AndroidManifest.xml:220:22
uses-permission#android.permission.SEND_SMS
ADDED from AndroidManifest.xml:223:5
	android:name
		ADDED from AndroidManifest.xml:223:22
uses-permission#android.permission.MOUNT_UNMOUNT_FILESYSTEMS
ADDED from AndroidManifest.xml:225:5
MERGED from ComputerMaintenance:dC_NoHttp:unspecified:7:5
	android:name
		ADDED from AndroidManifest.xml:225:22
uses-permission#android.permission.BAIDU_LOCATION_SERVICE
ADDED from AndroidManifest.xml:226:5
	android:name
		ADDED from AndroidManifest.xml:226:22
uses-permission#android.permission.ACCES_MOCK_LOCATION
ADDED from AndroidManifest.xml:227:5
	android:name
		ADDED from AndroidManifest.xml:227:22
uses-permission#android.permission.ACCESS_GPS
ADDED from AndroidManifest.xml:228:5
	android:name
		ADDED from AndroidManifest.xml:228:22
uses-permission#android.permission.GET_TASKS
ADDED from AndroidManifest.xml:229:5
	android:name
		ADDED from AndroidManifest.xml:229:22
uses-permission#android.permission.BROADCAST_STICKY
ADDED from AndroidManifest.xml:230:5
	android:name
		ADDED from AndroidManifest.xml:230:22
uses-permission#android.permission.PROCESS_OUTGOING_CALLS
ADDED from AndroidManifest.xml:231:5
	android:name
		ADDED from AndroidManifest.xml:231:22
uses-permission#android.permission.MODIFY_AUDIO_SETTINGS
ADDED from AndroidManifest.xml:232:5
	android:name
		ADDED from AndroidManifest.xml:232:22
uses-permission#android.permission.RECORD_AUDIO
ADDED from AndroidManifest.xml:233:5
	android:name
		ADDED from AndroidManifest.xml:233:22
uses-permission#com.tom.ule.lifepay.permission.JPUSH_MESSAGE
ADDED from AndroidManifest.xml:236:5
	android:name
		ADDED from AndroidManifest.xml:236:22
uses-permission#android.permission.RECEIVE_USER_PRESENT
ADDED from AndroidManifest.xml:237:5
	android:name
		ADDED from AndroidManifest.xml:237:22
uses-permission#android.permission.READ_EXTERNAL_STORAGE
ADDED from AndroidManifest.xml:242:5
MERGED from ComputerMaintenance:dC_NoHttp:unspecified:5:5
	android:name
		ADDED from AndroidManifest.xml:242:22
uses-permission#android.hardware.camera
ADDED from AndroidManifest.xml:258:5
	android:name
		ADDED from AndroidManifest.xml:258:22
uses-feature#android.hardware.camera.autofocus
ADDED from AndroidManifest.xml:260:5
	android:name
		ADDED from AndroidManifest.xml:260:19
uses-feature#android.hardware.camera.flash
ADDED from AndroidManifest.xml:261:5
	android:name
		ADDED from AndroidManifest.xml:261:19
uses-feature#android.hardware.camera
ADDED from AndroidManifest.xml:274:5
	android:name
		ADDED from AndroidManifest.xml:274:19
uses-feature#android.hardware.autofocus
ADDED from AndroidManifest.xml:275:5
	android:name
		ADDED from AndroidManifest.xml:275:19
uses-permission#android.permission.DISABLE_KEYGUARD
ADDED from AndroidManifest.xml:307:5
	android:name
		ADDED from AndroidManifest.xml:307:22
uses-permission#android.permission.ACCESS_DOWNLOAD_MANAGER
ADDED from AndroidManifest.xml:310:5
	android:name
		ADDED from AndroidManifest.xml:310:22
uses-permission#android.permission.DOWNLOAD_WITHOUT_NOTIFICATION
ADDED from AndroidManifest.xml:311:5
	android:name
		ADDED from AndroidManifest.xml:311:22
uses-permission#android.permission.EXPAND_STATUS_BAR
ADDED from AndroidManifest.xml:312:5
	android:name
		ADDED from AndroidManifest.xml:312:22
uses-permission#android.permission.CHANGE_WIFI_MULTICAST_STATE
ADDED from ComputerMaintenance:dC_NoHttp:unspecified:12:5
	android:name
		ADDED from ComputerMaintenance:dC_NoHttp:unspecified:12:22